[    0.000000] Linux version 4.15.0-76-generic (buildd@lcy01-amd64-029) (gcc version 7.4.0 (Ubuntu 7.4.0-1ubuntu1~18.04.1)) #86-Ubuntu SMP Fri Jan 17 17:24:28 UTC 2020 (Ubuntu 4.15.0-76.86-generic 4.15.18)
[    0.000000] Command line: BOOT_IMAGE=/boot/vmlinuz-4.15.0-76-generic root=LABEL=cloudimg-rootfs ro console=tty1 console=ttyS0
[    0.000000] KERNEL supported cpus:
[    0.000000]   Intel GenuineIntel
[    0.000000]   AMD AuthenticAMD
[    0.000000]   Centaur CentaurHauls
[    0.000000] x86/fpu: Supporting XSAVE feature 0x001: 'x87 floating point registers'
[    0.000000] x86/fpu: Supporting XSAVE feature 0x002: 'SSE registers'
[    0.000000] x86/fpu: Supporting XSAVE feature 0x004: 'AVX registers'
[    0.000000] x86/fpu: xstate_offset[2]:  576, xstate_sizes[2]:  256
[    0.000000] x86/fpu: Enabled xstate features 0x7, context size is 832 bytes, using 'standard' format.
[    0.000000] e820: BIOS-provided physical RAM map:
[    0.000000] BIOS-e820: [mem 0x0000000000000000-0x000000000009fbff] usable
[    0.000000] BIOS-e820: [mem 0x000000000009fc00-0x000000000009ffff] reserved
[    0.000000] BIOS-e820: [mem 0x00000000000f0000-0x00000000000fffff] reserved
[    0.000000] BIOS-e820: [mem 0x0000000000100000-0x000000003ffeffff] usable
[    0.000000] BIOS-e820: [mem 0x000000003fff0000-0x000000003fffffff] ACPI data
[    0.000000] BIOS-e820: [mem 0x00000000fec00000-0x00000000fec00fff] reserved
[    0.000000] BIOS-e820: [mem 0x00000000fee00000-0x00000000fee00fff] reserved
[    0.000000] BIOS-e820: [mem 0x00000000fffc0000-0x00000000ffffffff] reserved
[    0.000000] NX (Execute Disable) protection: active
[    0.000000] SMBIOS 2.5 present.
[    0.000000] DMI: innotek GmbH VirtualBox/VirtualBox, BIOS VirtualBox 12/01/2006
[    0.000000] Hypervisor detected: KVM
[    0.000000] e820: last_pfn = 0x3fff0 max_arch_pfn = 0x400000000
[    0.000000] MTRR: Disabled
[    0.000000] x86/PAT: MTRRs disabled, skipping PAT initialization too.
[    0.000000] CPU MTRRs all blank - virtualized system.
[    0.000000] x86/PAT: Configuration [0-7]: WB  WT  UC- UC  WB  WT  UC- UC  
[    0.000000] found SMP MP-table at [mem 0x0009fff0-0x0009ffff]
[    0.000000] Scanning 1 areas for low memory corruption
[    0.000000] RAMDISK: [mem 0x35a6f000-0x36d2efff]
[    0.000000] ACPI: Early table checksum verification disabled
[    0.000000] ACPI: RSDP 0x00000000000E0000 000024 (v02 VBOX  )
[    0.000000] ACPI: XSDT 0x000000003FFF0030 00003C (v01 VBOX   VBOXXSDT 00000001 ASL  00000061)
[    0.000000] ACPI: FACP 0x000000003FFF00F0 0000F4 (v04 VBOX   VBOXFACP 00000001 ASL  00000061)
[    0.000000] ACPI: DSDT 0x000000003FFF0470 002325 (v02 VBOX   VBOXBIOS 00000002 INTL 20100528)
[    0.000000] ACPI: FACS 0x000000003FFF0200 000040
[    0.000000] ACPI: FACS 0x000000003FFF0200 000040
[    0.000000] ACPI: APIC 0x000000003FFF0240 00005C (v02 VBOX   VBOXAPIC 00000001 ASL  00000061)
[    0.000000] ACPI: SSDT 0x000000003FFF02A0 0001CC (v01 VBOX   VBOXCPUT 00000002 INTL 20100528)
[    0.000000] No NUMA configuration found
[    0.000000] Faking a node at [mem 0x0000000000000000-0x000000003ffeffff]
[    0.000000] NODE_DATA(0) allocated [mem 0x3ffc5000-0x3ffeffff]
[    0.000000] kvm-clock: cpu 0, msr 0:3ff44001, primary cpu clock
[    0.000000] kvm-clock: Using msrs 4b564d01 and 4b564d00
[    0.000000] kvm-clock: using sched offset of 5586293732 cycles
[    0.000000] clocksource: kvm-clock: mask: 0xffffffffffffffff max_cycles: 0x1cd42e4dffb, max_idle_ns: 881590591483 ns
[    0.000000] Zone ranges:
[    0.000000]   DMA      [mem 0x0000000000001000-0x0000000000ffffff]
[    0.000000]   DMA32    [mem 0x0000000001000000-0x000000003ffeffff]
[    0.000000]   Normal   empty
[    0.000000]   Device   empty
[    0.000000] Movable zone start for each node
[    0.000000] Early memory node ranges
[    0.000000]   node   0: [mem 0x0000000000001000-0x000000000009efff]
[    0.000000]   node   0: [mem 0x0000000000100000-0x000000003ffeffff]
[    0.000000] Reserved but unavailable: 98 pages
[    0.000000] Initmem setup node 0 [mem 0x0000000000001000-0x000000003ffeffff]
[    0.000000] ACPI: PM-Timer IO Port: 0x4008
[    0.000000] IOAPIC[0]: apic_id 2, version 32, address 0xfec00000, GSI 0-23
[    0.000000] ACPI: INT_SRC_OVR (bus 0 bus_irq 0 global_irq 2 dfl dfl)
[    0.000000] ACPI: INT_SRC_OVR (bus 0 bus_irq 9 global_irq 9 low level)
[    0.000000] Using ACPI (MADT) for SMP configuration information
[    0.000000] smpboot: Allowing 2 CPUs, 0 hotplug CPUs
[    0.000000] PM: Registered nosave memory: [mem 0x00000000-0x00000fff]
[    0.000000] PM: Registered nosave memory: [mem 0x0009f000-0x0009ffff]
[    0.000000] PM: Registered nosave memory: [mem 0x000a0000-0x000effff]
[    0.000000] PM: Registered nosave memory: [mem 0x000f0000-0x000fffff]
[    0.000000] e820: [mem 0x40000000-0xfebfffff] available for PCI devices
[    0.000000] Booting paravirtualized kernel on KVM
[    0.000000] clocksource: refined-jiffies: mask: 0xffffffff max_cycles: 0xffffffff, max_idle_ns: 7645519600211568 ns
[    0.000000] random: get_random_bytes called from start_kernel+0x99/0x4fd with crng_init=0
[    0.000000] setup_percpu: NR_CPUS:8192 nr_cpumask_bits:2 nr_cpu_ids:2 nr_node_ids:1
[    0.000000] percpu: Embedded 45 pages/cpu s147456 r8192 d28672 u1048576
[    0.000000] PV qspinlock hash table entries: 256 (order: 0, 4096 bytes)
[    0.000000] Built 1 zonelists, mobility grouping on.  Total pages: 257913
[    0.000000] Policy zone: DMA32
[    0.000000] Kernel command line: BOOT_IMAGE=/boot/vmlinuz-4.15.0-76-generic root=LABEL=cloudimg-rootfs ro console=tty1 console=ttyS0
[    0.000000] Memory: 983080K/1048120K available (12300K kernel code, 2481K rwdata, 4260K rodata, 2428K init, 2704K bss, 65040K reserved, 0K cma-reserved)
[    0.000000] SLUB: HWalign=64, Order=0-3, MinObjects=0, CPUs=2, Nodes=1
[    0.000000] Kernel/User page tables isolation: enabled
[    0.000000] ftrace: allocating 39322 entries in 154 pages
[    0.004000] Hierarchical RCU implementation.
[    0.004000] 	RCU restricting CPUs from NR_CPUS=8192 to nr_cpu_ids=2.
[    0.004000] 	Tasks RCU enabled.
[    0.004000] RCU: Adjusting geometry for rcu_fanout_leaf=16, nr_cpu_ids=2
[    0.004000] NR_IRQS: 524544, nr_irqs: 440, preallocated irqs: 16
[    0.004000] Console: colour VGA+ 80x25
[    0.004000] console [tty1] enabled
[    0.004000] console [ttyS0] enabled
[    0.004000] ACPI: Core revision 20170831
[    0.004000] ACPI: 2 ACPI AML tables successfully acquired and loaded
[    0.004000] APIC: Switch to symmetric I/O mode setup
[    0.004000] x2apic enabled
[    0.004000] Switched APIC routing to physical x2apic.
[    0.004000] ..TIMER: vector=0x30 apic1=0 pin1=2 apic2=-1 pin2=-1
[    0.004005] tsc: Detected 1799.999 MHz processor
[    0.005249] Calibrating delay loop (skipped) preset value.. 3599.99 BogoMIPS (lpj=7199996)
[    0.008010] pid_max: default: 32768 minimum: 301
[    0.012061] Security Framework initialized
[    0.013713] Yama: becoming mindful.
[    0.016041] AppArmor: AppArmor initialized
[    0.019877] Dentry cache hash table entries: 131072 (order: 8, 1048576 bytes)
[    0.020089] Inode-cache hash table entries: 65536 (order: 7, 524288 bytes)
[    0.024024] Mount-cache hash table entries: 2048 (order: 2, 16384 bytes)
[    0.028019] Mountpoint-cache hash table entries: 2048 (order: 2, 16384 bytes)
[    0.031046] Last level iTLB entries: 4KB 64, 2MB 8, 4MB 8
[    0.032006] Last level dTLB entries: 4KB 64, 2MB 0, 4MB 0, 1GB 4
[    0.034157] Spectre V1 : Mitigation: usercopy/swapgs barriers and __user pointer sanitization
[    0.036008] Spectre V2 : Mitigation: Full generic retpoline
[    0.037676] Spectre V2 : Spectre v2 / SpectreRSB mitigation: Filling RSB on context switch
[    0.040009] Speculative Store Bypass: Vulnerable
[    0.044062] MDS: Mitigation: Clear CPU buffers
[    0.046244] Freeing SMP alternatives memory: 36K
[    0.161604] smpboot: CPU0: Intel(R) Core(TM) i5-5350U CPU @ 1.80GHz (family: 0x6, model: 0x3d, stepping: 0x4)
[    0.164000] Performance Events: unsupported p6 CPU model 61 no PMU driver, software events only.
[    0.164039] Hierarchical SRCU implementation.
[    0.165820] NMI watchdog: Perf event create on CPU 0 failed with -2
[    0.168003] NMI watchdog: Perf NMI watchdog permanently disabled
[    0.169577] smp: Bringing up secondary CPUs ...
[    0.170916] x86: Booting SMP configuration:
[    0.172004] .... node  #0, CPUs:      #1
[    0.004000] kvm-clock: cpu 1, msr 0:3ff44041, secondary cpu clock
[    0.178307] smp: Brought up 1 node, 2 CPUs
[    0.178307] smpboot: Max logical packages: 1
[    0.180007] smpboot: Total of 2 processors activated (7199.99 BogoMIPS)
[    0.182013] devtmpfs: initialized
[    0.184054] x86/mm: Memory block size: 128MB
[    0.185304] evm: security.selinux
[    0.186264] evm: security.SMACK64
[    0.187254] evm: security.SMACK64EXEC
[    0.188004] evm: security.SMACK64TRANSMUTE
[    0.189143] evm: security.SMACK64MMAP
[    0.190330] evm: security.apparmor
[    0.192005] evm: security.ima
[    0.193194] evm: security.capability
[    0.194652] clocksource: jiffies: mask: 0xffffffff max_cycles: 0xffffffff, max_idle_ns: 7645041785100000 ns
[    0.196016] futex hash table entries: 512 (order: 3, 32768 bytes)
[    0.201850] pinctrl core: initialized pinctrl subsystem
[    0.203452] RTC time: 13:38:12, date: 02/08/20
[    0.204232] NET: Registered protocol family 16
[    0.205472] audit: initializing netlink subsys (disabled)
[    0.206997] audit: type=2000 audit(1581169098.665:1): state=initialized audit_enabled=0 res=1
[    0.208078] cpuidle: using governor ladder
[    0.209310] cpuidle: using governor menu
[    0.212047] ACPI: bus type PCI registered
[    0.213215] acpiphp: ACPI Hot Plug PCI Controller Driver version: 0.5
[    0.215154] PCI: Using configuration type 1 for base access
[    0.217003] HugeTLB registered 2.00 MiB page size, pre-allocated 0 pages
[    0.220160] ACPI: Added _OSI(Module Device)
[    0.221421] ACPI: Added _OSI(Processor Device)
[    0.224005] ACPI: Added _OSI(3.0 _SCP Extensions)
[    0.225413] ACPI: Added _OSI(Processor Aggregator Device)
[    0.226955] ACPI: Added _OSI(Linux-Dell-Video)
[    0.228003] ACPI: Added _OSI(Linux-Lenovo-NV-HDMI-Audio)
[    0.229390] ACPI: Added _OSI(Linux-HPI-Hybrid-Graphics)
[    0.231268] ACPI: Executed 1 blocks of module-level executable AML code
[    0.237531] ACPI: Interpreter enabled
[    0.238565] ACPI: (supports S0 S5)
[    0.239519] ACPI: Using IOAPIC for interrupt routing
[    0.240229] PCI: Using host bridge windows from ACPI; if necessary, use "pci=nocrs" and report a bug
[    0.243124] ACPI: Enabled 2 GPEs in block 00 to 07
[    0.254480] ACPI: PCI Root Bridge [PCI0] (domain 0000 [bus 00-ff])
[    0.256010] acpi PNP0A03:00: _OSC: OS supports [ASPM ClockPM Segments MSI]
[    0.260106] acpi PNP0A03:00: _OSC: not requesting OS control; OS requires [ExtendedConfig ASPM ClockPM MSI]
[    0.262965] acpi PNP0A03:00: fail to add MMCONFIG information, can't access extended PCI configuration space under this bridge.
[    0.264659] PCI host bridge to bus 0000:00
[    0.265853] pci_bus 0000:00: root bus resource [io  0x0000-0x0cf7 window]
[    0.268004] pci_bus 0000:00: root bus resource [io  0x0d00-0xffff window]
[    0.269814] pci_bus 0000:00: root bus resource [mem 0x000a0000-0x000bffff window]
[    0.272005] pci_bus 0000:00: root bus resource [mem 0x40000000-0xfdffffff window]
[    0.276005] pci_bus 0000:00: root bus resource [bus 00-ff]
[    0.280662] pci 0000:00:01.1: legacy IDE quirk: reg 0x10: [io  0x01f0-0x01f7]
[    0.282589] pci 0000:00:01.1: legacy IDE quirk: reg 0x14: [io  0x03f6]
[    0.284000] pci 0000:00:01.1: legacy IDE quirk: reg 0x18: [io  0x0170-0x0177]
[    0.284004] pci 0000:00:01.1: legacy IDE quirk: reg 0x1c: [io  0x0376]
[    0.311534] pci 0000:00:07.0: quirk: [io  0x4000-0x403f] claimed by PIIX4 ACPI
[    0.312023] pci 0000:00:07.0: quirk: [io  0x4100-0x410f] claimed by PIIX4 SMB
[    0.324019] ACPI: PCI Interrupt Link [LNKA] (IRQs 5 9 10 *11)
[    0.326140] ACPI: PCI Interrupt Link [LNKB] (IRQs 5 9 *10 11)
[    0.328153] ACPI: PCI Interrupt Link [LNKC] (IRQs 5 *9 10 11)
[    0.329937] ACPI: PCI Interrupt Link [LNKD] (IRQs 5 9 10 *11)
[    0.332395] SCSI subsystem initialized
[    0.333471] pci 0000:00:02.0: vgaarb: setting as boot VGA device
[    0.333633] pci 0000:00:02.0: vgaarb: VGA device added: decodes=io+mem,owns=io+mem,locks=none
[    0.336023] pci 0000:00:02.0: vgaarb: bridge control possible
[    0.337616] vgaarb: loaded
[    0.338449] ACPI: bus type USB registered
[    0.340039] usbcore: registered new interface driver usbfs
[    0.342016] usbcore: registered new interface driver hub
[    0.344026] usbcore: registered new device driver usb
[    0.345420] EDAC MC: Ver: 3.0.0
[    0.345420] PCI: Using ACPI for IRQ routing
[    0.348413] NetLabel: Initializing
[    0.349356] NetLabel:  domain hash size = 128
[    0.350548] NetLabel:  protocols = UNLABELED CIPSOv4 CALIPSO
[    0.352019] NetLabel:  unlabeled traffic allowed by default
[    0.353442] clocksource: Switched to clocksource kvm-clock
[    0.368619] VFS: Disk quotas dquot_6.6.0
[    0.370087] VFS: Dquot-cache hash table entries: 512 (order 0, 4096 bytes)
[    0.372000] AppArmor: AppArmor Filesystem Enabled
[    0.373544] pnp: PnP ACPI init
[    0.375911] pnp: PnP ACPI: found 3 devices
[    0.387800] clocksource: acpi_pm: mask: 0xffffff max_cycles: 0xffffff, max_idle_ns: 2085701024 ns
[    0.390470] NET: Registered protocol family 2
[    0.391862] TCP established hash table entries: 8192 (order: 4, 65536 bytes)
[    0.393831] TCP bind hash table entries: 8192 (order: 5, 131072 bytes)
[    0.397420] TCP: Hash tables configured (established 8192 bind 8192)
[    0.399318] UDP hash table entries: 512 (order: 2, 16384 bytes)
[    0.400918] UDP-Lite hash table entries: 512 (order: 2, 16384 bytes)
[    0.402610] NET: Registered protocol family 1
[    0.403784] pci 0000:00:00.0: Limiting direct PCI/PCI transfers
[    0.405343] pci 0000:00:01.0: Activating ISA DMA hang workarounds
[    0.407111] pci 0000:00:02.0: Video device with shadowed ROM at [mem 0x000c0000-0x000dffff]
[    0.409522] Unpacking initramfs...
[    0.720663] Freeing initrd memory: 19200K
[    0.722043] clocksource: tsc: mask: 0xffffffffffffffff max_cycles: 0x19f228ab7a2, max_idle_ns: 440795289252 ns
[    0.724861] platform rtc_cmos: registered platform RTC device (no PNP device found)
[    0.726832] Scanning for low memory corruption every 60 seconds
[    0.729461] Initialise system trusted keyrings
[    0.731924] Key type blacklist registered
[    0.733302] workingset: timestamp_bits=36 max_order=18 bucket_order=0
[    0.736140] zbud: loaded
[    0.737738] squashfs: version 4.0 (2009/01/31) Phillip Lougher
[    0.739864] fuse init (API version 7.26)
[    0.744235] Key type asymmetric registered
[    0.745319] Asymmetric key parser 'x509' registered
[    0.746616] Block layer SCSI generic (bsg) driver version 0.4 loaded (major 246)
[    0.748656] io scheduler noop registered
[    0.749876] io scheduler deadline registered
[    0.751023] io scheduler cfq registered (default)
[    0.752890] ACPI: AC Adapter [AC] (on-line)
[    0.754146] input: Power Button as /devices/LNXSYSTM:00/LNXPWRBN:00/input/input0
[    0.756296] ACPI: Power Button [PWRF]
[    0.757406] input: Sleep Button as /devices/LNXSYSTM:00/LNXSLPBN:00/input/input1
[    0.759352] ACPI: Sleep Button [SLPF]
[    0.762109] ACPI: Battery Slot [BAT0] (battery present)
[    0.763696] Serial: 8250/16550 driver, 32 ports, IRQ sharing enabled
[    0.786911] 00:02: ttyS0 at I/O 0x3f8 (irq = 4, base_baud = 115200) is a 16550A
[    0.794928] Linux agpgart interface v0.103
[    0.797598] loop: module loaded
[    0.799077] scsi host0: ata_piix
[    0.800307] scsi host1: ata_piix
[    0.801217] ata1: PATA max UDMA/33 cmd 0x1f0 ctl 0x3f6 bmdma 0xd000 irq 14
[    0.802988] ata2: PATA max UDMA/33 cmd 0x170 ctl 0x376 bmdma 0xd008 irq 15
[    0.804983] libphy: Fixed MDIO Bus: probed
[    0.806239] tun: Universal TUN/TAP device driver, 1.6
[    0.807721] PPP generic driver version 2.4.2
[    0.809238] ehci_hcd: USB 2.0 'Enhanced' Host Controller (EHCI) Driver
[    0.810948] ehci-pci: EHCI PCI platform driver
[    0.812304] ehci-platform: EHCI generic platform driver
[    0.813693] ohci_hcd: USB 1.1 'Open' Host Controller (OHCI) Driver
[    0.815320] ohci-pci: OHCI PCI platform driver
[    0.816601] ohci-platform: OHCI generic platform driver
[    0.817981] uhci_hcd: USB Universal Host Controller Interface driver
[    0.819730] i8042: PNP: PS/2 Controller [PNP0303:PS2K,PNP0f03:PS2M] at 0x60,0x64 irq 1,12
[    0.822554] serio: i8042 KBD port at 0x60,0x64 irq 1
[    0.824011] serio: i8042 AUX port at 0x60,0x64 irq 12
[    0.826010] mousedev: PS/2 mouse device common for all mice
[    0.828515] rtc_cmos rtc_cmos: rtc core: registered rtc_cmos as rtc0
[    0.830366] input: AT Translated Set 2 keyboard as /devices/platform/i8042/serio0/input/input2
[    0.832333] rtc_cmos rtc_cmos: alarms up to one day, 114 bytes nvram
[    0.834500] i2c /dev entries driver
[    0.835493] device-mapper: uevent: version 1.0.3
[    0.836804] device-mapper: ioctl: 4.37.0-ioctl (2017-09-20) initialised: dm-devel@redhat.com
[    0.839254] ledtrig-cpu: registered to indicate activity on CPUs
[    0.841875] NET: Registered protocol family 10
[    0.847798] Segment Routing with IPv6
[    0.849008] NET: Registered protocol family 17
[    0.850533] Key type dns_resolver registered
[    0.851887] mce: Using 0 MCE banks
[    0.852894] RAS: Correctable Errors collector initialized.
[    0.854244] sched_clock: Marking stable (852868450, 0)->(1109238269, -256369819)
[    0.856922] registered taskstats version 1
[    0.858093] Loading compiled-in X.509 certificates
[    0.862399] Loaded X.509 cert 'Build time autogenerated kernel key: 665cd2b89e03521f57c41865f552ebce30a0c7fb'
[    0.864970] zswap: loaded using pool lzo/zbud
[    0.871010] Key type big_key registered
[    0.872053] Key type trusted registered
[    0.875528] Key type encrypted registered
[    0.876718] AppArmor: AppArmor sha1 policy hashing enabled
[    0.878139] ima: No TPM chip found, activating TPM-bypass! (rc=-19)
[    0.879899] ima: Allocated hash algorithm: sha1
[    0.881179] evm: HMAC attrs: 0x1
[    0.882323]   Magic number: 8:534:634
[    0.883412] rtc_cmos rtc_cmos: setting system clock to 2020-02-08 13:38:12 UTC (1581169092)
[    0.885750] BIOS EDD facility v0.16 2004-Jun-25, 0 devices found
[    0.887266] EDD information not available.
[    0.991036] Freeing unused kernel image memory: 2428K
[    1.004350] Write protecting the kernel read-only data: 20480k
[    1.009299] Freeing unused kernel image memory: 2008K
[    1.012567] Freeing unused kernel image memory: 1884K
[    1.024807] x86/mm: Checked W+X mappings: passed, no W+X pages found.
[    1.026692] x86/mm: Checking user space page tables
[    1.034055] x86/mm: Checked W+X mappings: passed, no W+X pages found.
Loading, please wait...
starting version 237
[    1.117372] e1000: Intel(R) PRO/1000 Network Driver - version 7.3.21-k8-NAPI
[    1.119178] e1000: Copyright (c) 1999-2006 Intel Corporation.
[    1.126076] Fusion MPT base driver 3.04.20
[    1.127605] Copyright (c) 1999-2008 LSI Corporation
[    1.134133] Fusion MPT SPI Host driver 3.04.20
[    1.142025] AVX2 version of gcm_enc/dec engaged.
[    1.143744] AES CTR mode by8 optimization enabled
[    1.329627] input: ImExPS/2 Generic Explorer Mouse as /devices/platform/i8042/serio1/input/input4
[    1.588419] e1000 0000:00:03.0 eth0: (PCI:33MHz:32-bit) 02:b4:6b:8c:b8:1a
[    1.590423] e1000 0000:00:03.0 eth0: Intel(R) PRO/1000 Network Connection
[    1.593262] mptbase: ioc0: Initiating bringup
[    1.594334] e1000 0000:00:03.0 enp0s3: renamed from eth0
[    1.693671] ioc0: LSI53C1030 A0: Capabilities={Initiator}
[    1.952610] scsi host2: ioc0: LSI53C1030 A0, FwRev=00000000h, Ports=1, MaxQ=256, IRQ=20
[    2.121943] scsi 2:0:0:0: Direct-Access     VBOX     HARDDISK         1.0  PQ: 0 ANSI: 5
[    2.967466] scsi target2:0:0: Beginning Domain Validation
[    2.974217] scsi target2:0:0: Domain Validation skipping write tests
[    2.976077] scsi target2:0:0: Ending Domain Validation
[    2.977700] scsi target2:0:0: asynchronous
[    2.979499] scsi 2:0:1:0: Direct-Access     VBOX     HARDDISK         1.0  PQ: 0 ANSI: 5
[    3.744770] scsi target2:0:1: Beginning Domain Validation
[    3.749556] random: fast init done
[    3.751317] scsi target2:0:1: Domain Validation skipping write tests
[    3.753353] scsi target2:0:1: Ending Domain Validation
[    3.754833] scsi target2:0:1: asynchronous
[    3.762471] sd 2:0:0:0: Attached scsi generic sg0 type 0
[    3.762507] random: systemd-udevd: uninitialized urandom read (16 bytes read)
[    3.765149] sd 2:0:1:0: Attached scsi generic sg1 type 0
[    3.768017] random: systemd-udevd: uninitialized urandom read (16 bytes read)
[    3.771401] random: systemd-udevd: uninitialized urandom read (16 bytes read)
[    3.773933] sd 2:0:0:0: [sda] 20971520 512-byte logical blocks: (10.7 GB/10.0 GiB)
[    3.776178] sd 2:0:1:0: [sdb] 20480 512-byte logical blocks: (10.5 MB/10.0 MiB)
[    3.778228] sd 2:0:0:0: [sda] Write Protect is off
[    3.779549] sd 2:0:1:0: [sdb] Write Protect is off
[    3.781876] sd 2:0:0:0: [sda] Incomplete mode parameter data
[    3.783343] sd 2:0:0:0: [sda] Assuming drive cache: write through
[    3.785151] sd 2:0:1:0: [sdb] Incomplete mode parameter data
[    3.786687] sd 2:0:1:0: [sdb] Assuming drive cache: write through
[    3.792002]  sda: sda1
[    3.793693] sd 2:0:1:0: [sdb] Attached SCSI disk
[    3.795668] sd 2:0:0:0: [sda] Attached SCSI disk
Begin: Loading essential drivers ... [    5.436064] raid6: sse2x1   gen()  9618 MB/s
[    5.488958] raid6: sse2x1   xor()  7166 MB/s
[    5.536351] raid6: sse2x2   gen() 11296 MB/s
[    5.584653] raid6: sse2x2   xor()  7160 MB/s
[    5.632303] raid6: sse2x4   gen() 13034 MB/s
[    5.685574] raid6: sse2x4   xor()  9215 MB/s
[    5.732324] raid6: avx2x1   gen() 16818 MB/s
[    5.780082] raid6: avx2x1   xor()  5676 MB/s
[    5.828083] raid6: avx2x2   gen() 10421 MB/s
[    5.876432] raid6: avx2x2   xor() 11641 MB/s
[    5.928962] raid6: avx2x4   gen() 27350 MB/s
[    5.979201] raid6: avx2x4   xor() 15581 MB/s
[    5.980691] raid6: using algorithm avx2x4 gen() 27350 MB/s
[    5.982156] raid6: .... xor() 15581 MB/s, rmw enabled
[    5.983415] raid6: using avx2x2 recovery algorithm
[    5.986202] xor: automatically using best checksumming function   avx       
[    5.989883] async_tx: api initialized (async)
done.
Begin: Running /scripts/init-premount ... done.
Begin: Mounting root file system ... Begin: Running /scripts/local-top ... done.
Begin: Running /scripts/local-premount ... [    6.043502] Btrfs loaded, crc32c=crc32c-intel
Scanning for Btrfs filesystems
done.
Warning: fsck not present, so skipping root file system
[    6.104826] EXT4-fs (sda1): mounted filesystem with ordered data mode. Opts: (null)
done.
Begin: Running /scripts/local-bottom ... done.
Begin: Running /scripts/init-bottom ... done.
[    6.459265] ip_tables: (C) 2000-2006 Netfilter Core Team
[    6.490333] systemd[1]: systemd 237 running in system mode. (+PAM +AUDIT +SELINUX +IMA +APPARMOR +SMACK +SYSVINIT +UTMP +LIBCRYPTSETUP +GCRYPT +GNUTLS +ACL +XZ +LZ4 +SECCOMP +BLKID +ELFUTILS +KMOD -IDN2 +IDN -PCRE2 default-hierarchy=hybrid)
[    6.497386] systemd[1]: Detected virtualization oracle.
[    6.499469] systemd[1]: Detected architecture x86-64.

Welcome to [1mUbuntu 18.04.4 LTS[0m!

[    6.510440] systemd[1]: Set hostname to <ubuntu>.
[    6.521654] systemd[1]: Initializing machine ID from random generator.
[    6.523710] systemd[1]: Installed transient /etc/machine-id file.
[    7.166723] systemd[1]: Reached target User and Group Name Lookups.
[[0;32m  OK  [0m] Reached target User and Group Name Lookups.
[    7.172955] systemd[1]: Created slice System Slice.
[[0;32m  OK  [0m] Created slice System Slice.
[    7.175534] systemd[1]: Listening on Syslog Socket.
[[0;32m  OK  [0m] Listening on Syslog Socket.
[    7.177945] systemd[1]: Reached target Swap.
[[0;32m  OK  [0m] Reached target Swap.
[[0;32m  OK  [0m] Listening on Journal Socket.
         Starting Load Kernel Modules...
         Starting Uncomplicated firewall...
         Starting Create list of required st…ce nodes for the current kernel...
         Mounting Huge Pages File System...
[[0;32m  OK  [0m] Listening on Device-mapper event daemon FIFOs.
[[0;32m  OK  [0m] Reached target System Time Synchronized.
[[0;32m  OK  [0m] Started Forward Password Requests to Wall Directory Watch.
         Starting Set the console keyboard layout...
[    7.207102] Loading iSCSI transport class v2.0-870.
[[0;32m  OK  [0m] Listening on udev Kernel Socket.
         Starting Remount Root and Kernel File Systems...
         Mounting Kernel Debug File System...
[[0;32m  OK  [0m] Listening on LVM2 metadata daemon socket.
         Mounting POSIX Message Queue File System...
[[0;32m  OK  [0m] Set up automount[    7.222346] iscsi: registered transport (tcp)
 Arbitrary Executab…rmats File System Automount Point.
[[0;32m  OK  [0m] Listening on udev Control Socket.
         Starting udev Coldplug all Devices...
[[0;32m  OK  [0m] Created slice User and Session Slice.
[[0;32m  OK  [0m] Reached target Slices.
         Starting Monitoring of LVM2 mirrors…ng dmeventd or progress polling...
[[0;32m  OK  [0m] Listening on /dev/initctl Compatibility Named Pipe.
[[0;32m  OK  [0m] Created slice system-serial\x2dgetty.slice.
[    7.356851] iscsi: registered transport (iser)
[[0;32m  OK  [0m] Listening on Journal Socket (/dev/log).
[[0;32m  OK  [0m] Listening on Network Service Netlink Socket.
[[0;32m  OK  [0m] Listening on Journal Audit Socket.
         Starting Journal Service...
[[0;32m  OK  [0m] Listening on LVM2 poll daemon socket.
[    7.369750] EXT4-fs (sda1): re-mounted. Opts: (null)
[[0;32m  OK  [0m] Started Load Kernel Modules.
[[0;32m  OK  [0m] Started Uncomplicated firewall.
[[0;32m  OK  [0m] Started Create list of required sta…vice nodes for the current kernel.
[[0;32m  OK  [0m] Mounted Huge Pages File System.
[[0;32m  OK  [0m] Started Remount Root and Kernel File Systems.
[[0;32m  OK  [0m] Mounted Kernel Debug File System.
[[0;32m  OK  [0m] Mounted POSIX Message Queue File System.
         Starting Load/Save Random Seed...
         Starting Create Static Device Nodes in /dev...
         Mounting FUSE Control File System...
         Mounting Kernel Configuration File System...
         Starting Apply Kernel Variables...
[[0;32m  OK  [0m] Started Journal Service.
[[0;32m  OK  [0m] Started Load/Save Random Seed.
[[0;32m  OK  [0m] Mounted FUSE Control File System.
[[0;32m  OK  [0m] Mounted Kernel Configuration File System.
[[0;32m  OK  [0m] Started LVM2 metadata daemon.
         Starting Flush Journal to Persistent Storage...
[[0;32m  OK  [0m] Started udev Coldplug all Devices.
[[0;32m  OK  [0m] Started Create Static Device Nodes in /dev.
         Starting udev Kernel Device Manager...
[[0;32m  OK  [0m] Started Apply Kernel Variables.
[[0;32m  OK  [0m] Started Monitoring of LVM2 mirrors,…sing dmeventd or progress polling.
[[0;32m  OK  [0m] Started Flush Journal to Persistent Storage.
[[0;32m  OK  [0m] Started udev Kernel Device Manager.
[[0;32m  OK  [0m] Found device /dev/ttyS0.
[[0;32m  OK  [0m] Listening on Load/Save RF Kill Switch Status /dev/rfkill Watch.
[[0;32m  OK  [0m] Started Set the console keyboard layout.
[[0;32m  OK  [0m] Started Dispatch Password Requests to Console Directory Watch.
[[0;32m  OK  [0m] Reached target Local Encrypted Volumes.
[[0;32m  OK  [0m] Reached target Local File Systems (Pre).
[[0;32m  OK  [0m] Reached target Local File Systems.
         Starting ebtables ruleset management...
         Starting Set console font and keymap...
         Starting AppArmor initialization...
         Starting Create Volatile Files and Directories...
         Starting Commit a transient machine-id on disk...
         Starting Tell Plymouth To Write Out Runtime Data...
[[0;32m  OK  [0m] Started Set console font and keymap.
[[0;32m  OK  [0m] Started Tell Plymouth To Write Out Runtime Data.
[[0;32m  OK  [0m] Started Create Volatile Files and Directories.
         Starting Update UTMP about System Boot/Shutdown...
[[0;32m  OK  [0m] Started Update UTMP about System Boot/Shutdown.
[[0;32m  OK  [0m] Started Commit a transient machine-id on disk.
[[0;32m  OK  [0m] Started ebtables ruleset management.
[[0;32m  OK  [0m] Started AppArmor initialization.
         Starting Initial cloud-init job (pre-networking)...
[   12.007420] cloud-init[637]: Cloud-init v. 19.4-33-gbb4131a2-0ubuntu1~18.04.1 running 'init-local' at Sat, 08 Feb 2020 13:38:23 +0000. Up 11.50 seconds.
[[0;32m  OK  [0m] Started Initial cloud-init job (pre-networking).
[[0;32m  OK  [0m] Reached target Network (Pre).
         Starting Network Service...
[[0;32m  OK  [0m] Started Network Service.
         Starting Network Name Resolution...
         Starting Wait for Network to be Configured...
[[0;32m  OK  [0m] Started Network Name Resolution.
[[0;32m  OK  [0m] Reached target Host and Network Name Lookups.
[[0;32m  OK  [0m] Reached target Network.
[[0;32m  OK  [0m] Started Wait for Network to be Configured.
         Starting Initial cloud-init job (metadata service crawler)...
[   14.060550] cloud-init[754]: Cloud-init v. 19.4-33-gbb4131a2-0ubuntu1~18.04.1 running 'init' at Sat, 08 Feb 2020 13:38:25 +0000. Up 13.83 seconds.
[   14.063273] cloud-init[754]: ci-info: ++++++++++++++++++++++++++++++++++++++Net device info++++++++++++++++++++++++++++++++++++++
[   14.066118] cloud-init[754]: ci-info: +--------+------+----------------------------+---------------+--------+-------------------+
[   14.069986] cloud-init[754]: ci-info: | Device |  Up  |          Address           |      Mask     | Scope  |     Hw-Address    |
[   14.072638] cloud-init[754]: ci-info: +--------+------+----------------------------+---------------+--------+-------------------+
[   14.076190] cloud-init[754]: ci-info: | enp0s3 | True |         10.0.2.15          | 255.255.255.0 | global | 02:b4:6b:8c:b8:1a |
[   14.080221] cloud-init[754]: ci-info: | enp0s3 | True | fe80::b4:6bff:fe8c:b81a/64 |       .       |  link  | 02:b4:6b:8c:b8:1a |
[   14.084293] cloud-init[754]: ci-info: |   lo   | True |         127.0.0.1          |   255.0.0.0   |  host  |         .         |
[   14.087624] cloud-init[754]: ci-info: |   lo   | True |          ::1/128           |       .       |  host  |         .         |
[   14.090299] cloud-init[754]: ci-info: +--------+------+----------------------------+---------------+--------+-------------------+
[   14.093347] cloud-init[754]: ci-info: ++++++++++++++++++++++++++++Route IPv4 info+++++++++++++++++++++++++++++
[   14.096415] cloud-init[754]: ci-info: +-------+-------------+----------+-----------------+-----------+-------+
[   14.098685] cloud-init[754]: ci-info: | Route | Destination | Gateway  |     Genmask     | Interface | Flags |
[   14.102588] cloud-init[754]: ci-info: +-------+-------------+----------+-----------------+-----------+-------+
[   14.106490] cloud-init[754]: ci-info: |   0   |   0.0.0.0   | 10.0.2.2 |     0.0.0.0     |   enp0s3  |   UG  |
[   14.109761] cloud-init[754]: ci-info: |   1   |   10.0.2.0  | 0.0.0.0  |  255.255.255.0  |   enp0s3  |   U   |
[   14.112051] cloud-init[754]: ci-info: |   2   |   10.0.2.2  | 0.0.0.0  | 255.255.255.255 |   enp0s3  |   UH  |
[   14.114276] cloud-init[754]: ci-info: +-------+-------------+----------+-----------------+-----------+-------+
[   14.116552] cloud-init[754]: ci-info: +++++++++++++++++++Route IPv6 info+++++++++++++++++++
[   14.118384] cloud-init[754]: ci-info: +-------+-------------+---------+-----------+-------+
[   14.121222] cloud-init[754]: ci-info: | Route | Destination | Gateway | Interface | Flags |
[   14.123543] cloud-init[754]: ci-info: +-------+-------------+---------+-----------+-------+
[   14.126247] cloud-init[754]: ci-info: |   1   |  fe80::/64  |    ::   |   enp0s3  |   U   |
[   14.128549] cloud-init[754]: ci-info: |   3   |    local    |    ::   |   enp0s3  |   U   |
[   14.140263] cloud-init[754]: ci-info: |   4   |   ff00::/8  |    ::   |   enp0s3  |   U   |
[   14.142500] cloud-init[754]: ci-info: +-------+-------------+---------+-----------+-------+
[   15.136336] cloud-init[754]: Generating public/private rsa key pair.
[   15.138106] cloud-init[754]: Your identification has been saved in /etc/ssh/ssh_host_rsa_key.
[   15.140805] cloud-init[754]: Your public key has been saved in /etc/ssh/ssh_host_rsa_key.pub.
[   15.144670] cloud-init[754]: The key fingerprint is:
[   15.147125] cloud-init[754]: SHA256:+lk3c9fye/M21KeFEShk6i8Xwwz8SQSzjLGIoU1oo4g root@ubuntu-bionic
[   15.150043] cloud-init[754]: The key's randomart image is:
[   15.151948] cloud-init[754]: +---[RSA 2048]----+
[   15.153383] cloud-init[754]: | .o   . oo+  .   |
[   15.154670] cloud-init[754]: |.* o . * *. . .  |
[   15.156517] cloud-init[754]: |* + . o * ..   . |
[   15.157893] cloud-init[754]: |E      . * .  .  |
[   15.159238] cloud-init[754]: |        S B    o.|
[   15.160544] cloud-init[754]: |       . . o  ..=|
[   15.161732] cloud-init[754]: |      . . + + +o+|
[   15.162886] cloud-init[754]: |       . = . +.*o|
[   15.163937] cloud-init[754]: |        o      oO|
[   15.165030] cloud-init[754]: +----[SHA256]-----+
[   15.166080] cloud-init[754]: Generating public/private dsa key pair.
[   15.167644] cloud-init[754]: Your identification has been saved in /etc/ssh/ssh_host_dsa_key.
[   15.169944] cloud-init[754]: Your public key has been saved in /etc/ssh/ssh_host_dsa_key.pub.
[   15.172383] cloud-init[754]: The key fingerprint is:
[   15.174022] cloud-init[754]: SHA256:hp0eG/WLXk7TKTctAoA58d0QnkBP9j39mpUdpiyOlG4 root@ubuntu-bionic
[   15.176554] cloud-init[754]: The key's randomart image is:
[   15.178135] cloud-init[754]: +---[DSA 1024]----+
[   15.179508] cloud-init[754]: |      ..o =.     |
[   15.180842] cloud-init[754]: |       = B = . . |
[   15.182244] cloud-init[754]: |      + o * o oo.|
[   15.183577] cloud-init[754]: |       + +... o.=|
[   15.185513] cloud-init[754]: |      . So...o .+|
[   15.196386] cloud-init[754]: |       oo+oo.o * |
[   15.197638] cloud-init[754]: |        oE..B O .|
[   15.198806] cloud-init[754]: |        .. + = o |
[   15.200182] cloud-init[754]: |          . .    |
[   15.201273] cloud-init[754]: +----[SHA256]-----+
[   15.202364] cloud-init[754]: Generating public/private ecdsa key pair.
[   15.203876] cloud-init[754]: Your identification has been saved in /etc/ssh/ssh_host_ecdsa_key.
[   15.206343] cloud-init[754]: Your public key has been saved in /etc/ssh/ssh_host_ecdsa_key.pub.
[   15.208614] cloud-init[754]: The key fingerprint is:
[   15.209711] cloud-init[754]: SHA256:QnnYb/lP8EgAzKkJYq4TpGW17ZYDiIWoLe6Wz9+JLPw root@ubuntu-bionic
[   15.211541] cloud-init[754]: The key's randomart image is:
[   15.212785] cloud-init[754]: +---[ECDSA 256]---+
[   15.213988] cloud-init[754]: |.....  o..       |
[   15.215052] cloud-init[754]: |o+=..o ++.       |
[   15.216284] cloud-init[754]: |=*..o.=oo .      |
[   15.217344] cloud-init[754]: |= o  +oo . o     |
[   15.218567] cloud-init[754]: |.+    * S + o    |
[   15.219872] cloud-init[754]: |o.   . o . o +   |
[   15.221213] cloud-init[754]: |..o         o o  |
[   15.222608] cloud-init[754]: | +.o. o .    o   |
[   15.224214] cloud-init[754]: |. .o+E o      .  |
[   15.225280] cloud-init[754]: +----[SHA256]-----+
[   15.226314] cloud-init[754]: Generating public/private ed25519 key pair.
[   15.227759] cloud-init[754]: Your identification has been saved in /etc/ssh/ssh_host_ed25519_key.
[   15.229738] cloud-init[754]: Your public key has been saved in /etc/ssh/ssh_host_ed25519_key.pub.
[   15.232313] cloud-init[754]: The key fingerprint is:
[   15.233637] cloud-init[754]: SHA256:8Smipp73XjsaDXDeXwFysDn5L9vlhWxgq/IOGDR53Uw root@ubuntu-bionic
[   15.236078] cloud-init[754]: The key's randomart image is:
[   15.237485] cloud-init[754]: +--[ED25519 256]--+
[   15.238827] cloud-init[754]: |        o.o E    |
[   15.240181] cloud-init[754]: |       . B =     |
[   15.241586] cloud-init[754]: |    . = B . +    |
[   15.242759] cloud-init[754]: |     = + = . .   |
[   15.244137] cloud-init[754]: |      = S + +    |
[   15.245462] cloud-init[754]: |     . * o + + . |
[   15.247121] cloud-init[754]: |    o o + o o = .|
[   15.248755] cloud-init[754]: |   +.  ooo = + . |
[   15.250621] cloud-init[754]: | .+. o+..== . .  |
[   15.252350] cloud-init[754]: +----[SHA256]-----+
[[0;32m  OK  [0m] Started Initial cloud-init job (metadata service crawler).
[[0;32m  OK  [0m] Reached target System Initialization.
[[0;32m  OK  [0m] Started Message of the Day.
[[0;32m  OK  [0m] Started Daily apt download activities.
[[0;32m  OK  [0m] Started Daily apt upgrade and clean activities.
[[0;32m  OK  [0m] Started Discard unused blocks once a week.
[[0;32m  OK  [0m] Listening on UUID daemon activation socket.
[[0;32m  OK  [0m] Listening on D-Bus System Message Bus Socket.
         Starting Socket activation for snappy daemon.
[[0;32m  OK  [0m] Listening on Open-iSCSI iscsid Socket.
[[0;32m  OK  [0m] Started ACPI Events Check.
[[0;32m  OK  [0m] Reached target Paths.
         Starting LXD - unix socket.
[[0;32m  OK  [0m] Listening on ACPID Listen Socket.
[[0;32m  OK  [0m] Started Daily Cleanup of Temporary Directories.
[[0;32m  OK  [0m] Reached target Timers.
[[0;32m  OK  [0m] Reached target Network is Online.
         Starting Availability of block devices...
[[0;32m  OK  [0m] Reached target Remote File Systems (Pre).
[[0;32m  OK  [0m] Reached target Remote File Systems.
[[0;32m  OK  [0m] Reached target Cloud-config availability.
[[0;32m  OK  [0m] Listening on Socket activation for snappy daemon.
[[0;32m  OK  [0m] Listening on LXD - unix socket.
[[0;32m  OK  [0m] Started Availability of block devices.
[[0;32m  OK  [0m] Reached target Sockets.
[[0;32m  OK  [0m] Reached target Basic System.
         Starting Dispatcher daemon for systemd-networkd...
         Starting System Logging Service...
         Starting Pollinate to seed the pseudo random number generator...
         Starting LSB: Record successful boot for GRUB...
[[0;32m  OK  [0m] Started irqbalance daemon.
[[0;32m  OK  [0m] Started FUSE filesystem for LXC.
[[0;32m  OK  [0m] Started Regular background program processing daemon.
[[0;32m  OK  [0m] Started Deferred execution scheduler.
         Starting LXD - container startup/shutdown...
         Starting Snappy daemon...
         Starting Accounts Service...
         Starting Login Service...
         Starting Virtualbox guest utils...
         Starting Permit User Sessions...
         Starting LSB: automatic crash report generation...
[[0;32m  OK  [0m] Started D-Bus System Message Bus.
[[0;32m  OK  [0m] Started Login Service.
[[0;32m  OK  [0m] Started Unattended Upgrades Shutdown.
[[0;32m  OK  [0m] Started System Logging Service.
[[0;32m  OK  [0m] Started Permit User Sessions.
         Starting Hold until boot process finishes up...
         Starting Terminate Plymouth Boot Screen...
[[0;32m  OK  [0m] Started Hold until boot process finishes up.
         Starting Set console scheme...
[[0;32m  OK  [0m] Started Serial Getty on ttyS0.
[[0;32m  OK  [0m] Started Terminate Plymouth Boot Screen.
[[0;32m  OK  [0m] Started Dispatcher daemon for systemd-networkd.
[[0;32m  OK  [0m] Started Set console scheme.
[[0;32m  OK  [0m] Created slice system-getty.slice.
[[0;32m  OK  [0m] Started Getty on tty1.
[[0;32m  OK  [0m] Reached target Login Prompts.
         Starting Authorization Manager...
[[0;32m  OK  [0m] Started LSB: automatic crash report generation.
[[0;32m  OK  [0m] Started LSB: Record successful boot for GRUB.
[[0;32m  OK  [0m] Started Authorization Manager.
[[0;32m  OK  [0m] Started Accounts Service.
[[0;32m  OK  [0m] Started LXD - container startup/shutdown.
[[0;32m  OK  [0m] Started Virtualbox guest utils.
[[0;32m  OK  [0m] Started Snappy daemon.
         Starting Wait until snapd is fully seeded...
[[0;32m  OK  [0m] Started Pollinate to seed the pseudo random number generator.
         Starting OpenBSD Secure Shell server...
[[0;32m  OK  [0m] Started OpenBSD Secure Shell server.
[[0;32m  OK  [0m] Created slice User Slice of vagrant.
         Starting User Manager for UID 1000...
[[0;32m  OK  [0m] Started Session 1 of user vagrant.
[[0;32m  OK  [0m] Started User Manager for UID 1000.

Ubuntu 18.04.4 LTS ubuntu-bionic ttyS0

ubuntu-bionic login: [   23.752244] cloud-init[1550]: Cloud-init v. 19.4-33-gbb4131a2-0ubuntu1~18.04.1 running 'modules:config' at Sat, 08 Feb 2020 13:38:34 +0000. Up 23.08 seconds.
ci-info: no authorized SSH keys fingerprints found for user ubuntu.
<14>Feb  8 13:38:35 ec2: 
<14>Feb  8 13:38:35 ec2: #############################################################
<14>Feb  8 13:38:35 ec2: -----BEGIN SSH HOST KEY FINGERPRINTS-----
<14>Feb  8 13:38:35 ec2: 1024 SHA256:hp0eG/WLXk7TKTctAoA58d0QnkBP9j39mpUdpiyOlG4 root@ubuntu-bionic (DSA)
<14>Feb  8 13:38:35 ec2: 256 SHA256:QnnYb/lP8EgAzKkJYq4TpGW17ZYDiIWoLe6Wz9+JLPw root@ubuntu-bionic (ECDSA)
<14>Feb  8 13:38:35 ec2: 256 SHA256:8Smipp73XjsaDXDeXwFysDn5L9vlhWxgq/IOGDR53Uw root@ubuntu-bionic (ED25519)
<14>Feb  8 13:38:35 ec2: 2048 SHA256:+lk3c9fye/M21KeFEShk6i8Xwwz8SQSzjLGIoU1oo4g root@ubuntu-bionic (RSA)
<14>Feb  8 13:38:35 ec2: -----END SSH HOST KEY FINGERPRINTS-----
<14>Feb  8 13:38:35 ec2: #############################################################
-----BEGIN SSH HOST KEY KEYS-----
ecdsa-sha2-nistp256 AAAAE2VjZHNhLXNoYTItbmlzdHAyNTYAAAAIbmlzdHAyNTYAAABBBOJXMOrrjO0v6gkC7IN9ZN4yOLFd4h8MUSJGHc7L9qggqIjmqVsVOMaZ1ntEyL5gJsKJaeccE+XaUMvwislz1o4= root@ubuntu-bionic
ssh-ed25519 AAAAC3NzaC1lZDI1NTE5AAAAICn3ZtM2Dk+i2UM7DxtLvvksS9TL0sgHpTb5vaS+7w8K root@ubuntu-bionic
ssh-rsa AAAAB3NzaC1yc2EAAAADAQABAAABAQDEkIwfveEkyGa5rNgdEOCPvTmFFbk3tEKPJa3Kc2o63Xn9hoKJDRqUz5DqybIn2SwV89bA9YkcQSoCE0Tzgnbp+cxaLmWjJB/A+OVkPP/UE5KeR0KJy/EdDMeOPdmuQtza2KbHT12h5U0CrvAjHFtZpKDDbGPLViqfrVRxQ7KTn2gITZmDSy29otUrhPM92L0jMYAQlHyq8JdnliXSsNbW1QDCowMHikzCyhpq7xeVlGCJkgJ4mdy6kmB1YLg8lw1tc24EhJhvx+rKHGwdBC+6kD87Zdf3/SOnznJzwxPjNaUb+suGYK2qEEB3KQG5HByjATc2vW7XSBBpfSkQHYQj root@ubuntu-bionic
-----END SSH HOST KEY KEYS-----
[   24.444604] cloud-init[1725]: Cloud-init v. 19.4-33-gbb4131a2-0ubuntu1~18.04.1 running 'modules:final' at Sat, 08 Feb 2020 13:38:35 +0000. Up 24.19 seconds.
[   24.445218] cloud-init[1725]: ci-info: no authorized SSH keys fingerprints found for user ubuntu.
[   24.446002] cloud-init[1725]: Cloud-init v. 19.4-33-gbb4131a2-0ubuntu1~18.04.1 finished at Sat, 08 Feb 2020 13:38:36 +0000. Datasource DataSourceNoCloud [seed=/dev/sdb][dsmode=net].  Up 24.42 seconds
